<?xml version="1.0" encoding="UTF-8"?>
<testsuite xmlns:xsi="http://www.w3.org/2001/XMLSchema-instance" xsi:noNamespaceSchemaLocation="https://maven.apache.org/surefire/maven-surefire-plugin/xsd/surefire-test-report-3.0.xsd" version="3.0" name="com.orchestrix.routing.RoutingEngineTest" time="0.34" tests="5" errors="0" skipped="0" failures="0">
  <properties>
[...]
</properties>
  <testcase name="allowedProvidersFilterIsRespected" classname="com.orchestrix.routing.RoutingEngineTest" time="0.283"/>
  <testcase name="overBudgetForcesLowTier" classname="com.orchestrix.routing.RoutingEngineTest" time="0.008"/>
  <testcase name="simpleShortPromptRoutesToLowTier" classname="com.orchestrix.routing.RoutingEngineTest" time="0.008"/>
  <testcase name="architectureQueryEscalatesToHighTier" classname="com.orchestrix.routing.RoutingEngineTest" time="0.007"/>
  <testcase name="tenantTierCeilingIsHonored" classname="com.orchestrix.routing.RoutingEngineTest" time="0.016"/>
</testsuite>