<?xml version="1.0" encoding="UTF-8"?>
<testsuite xmlns:xsi="http://www.w3.org/2001/XMLSchema-instance" xsi:noNamespaceSchemaLocation="https://maven.apache.org/surefire/maven-surefire-plugin/xsd/surefire-test-report-3.0.xsd" version="3.0" name="com.orchestrix.integration.ChatApiIntegrationTest" time="8.322" tests="4" errors="0" skipped="0" failures="0">
  <properties>
[...]
</properties>
  <testcase name="rejectsMissingApiKey" classname="com.orchestrix.integration.ChatApiIntegrationTest" time="0.483">
    <system-out><![CDATA[
  .   ____          _            __ _ _
 /\\ / ___'_ __ _ _(_)_ __  __ _ \ \ \ \
( ( )\___ | '_ | '_| | '_ \/ _` | \ \ \ \
 \\/  ___)| |_)| | | | | || (_| |  ) ) ) )
  '  |____| .__|_| |_|_| |_\__, | / / / /
 =========|_|==============|___/=/_/_/_/
 :: Spring Boot ::                (v3.2.5)

19:49:25.532 INFO  [main] c.o.integration.ChatApiIntegrationTest - Starting ChatApiIntegrationTest using Java 17.0.17 with PID 27924 (started by harshvardhan.kushwah in C:\Users\harshvardhan.kushwah\Desktop\Orchestrix)
19:49:25.548 INFO  [main] c.o.integration.ChatApiIntegrationTest - The following 1 profile is active: "test"
19:49:26.773 INFO  [main] o.s.d.r.c.RepositoryConfigurationDelegate - Multiple Spring Data modules found, entering strict repository configuration mode
19:49:26.773 INFO  [main] o.s.d.r.c.RepositoryConfigurationDelegate - Bootstrapping Spring Data JPA repositories in DEFAULT mode.
19:49:26.837 INFO  [main] o.s.d.r.c.RepositoryConfigurationDelegate - Finished Spring Data repository scanning in 68 ms. Found 4 JPA repository interfaces.
19:49:26.845 INFO  [main] o.s.d.r.c.RepositoryConfigurationDelegate - Multiple Spring Data modules found, entering strict repository configuration mode
19:49:26.845 INFO  [main] o.s.d.r.c.RepositoryConfigurationDelegate - Bootstrapping Spring Data Redis repositories in DEFAULT mode.
19:49:26.862 INFO  [main] o.s.d.r.c.RepositoryConfigurationExtensionSupport - Spring Data Redis - Could not safely identify store assignment for repository candidate interface com.orchestrix.domain.repository.ProviderHealthRepository; If you want this repository to be a Redis repository, consider annotating your entities with one of these annotations: org.springframework.data.redis.core.RedisHash (preferred), or consider extending one of the following types with your repository: org.springframework.data.keyvalue.repository.KeyValueRepository
19:49:26.862 INFO  [main] o.s.d.r.c.RepositoryConfigurationExtensionSupport - Spring Data Redis - Could not safely identify store assignment for repository candidate interface com.orchestrix.domain.repository.RequestLogRepository; If you want this repository to be a Redis repository, consider annotating your entities with one of these annotations: org.springframework.data.redis.core.RedisHash (preferred), or consider extending one of the following types with your repository: org.springframework.data.keyvalue.repository.KeyValueRepository
19:49:26.862 INFO  [main] o.s.d.r.c.RepositoryConfigurationExtensionSupport - Spring Data Redis - Could not safely identify store assignment for repository candidate interface com.orchestrix.domain.repository.TenantRepository; If you want this repository to be a Redis repository, consider annotating your entities with one of these annotations: org.springframework.data.redis.core.RedisHash (preferred), or consider extending one of the following types with your repository: org.springframework.data.keyvalue.repository.KeyValueRepository
19:49:26.862 INFO  [main] o.s.d.r.c.RepositoryConfigurationExtensionSupport - Spring Data Redis - Could not safely identify store assignment for repository candidate interface com.orchestrix.domain.repository.TenantUsageRepository; If you want this repository to be a Redis repository, consider annotating your entities with one of these annotations: org.springframework.data.redis.core.RedisHash (preferred), or consider extending one of the following types with your repository: org.springframework.data.keyvalue.repository.KeyValueRepository
19:49:26.862 INFO  [main] o.s.d.r.c.RepositoryConfigurationDelegate - Finished Spring Data repository scanning in 17 ms. Found 0 Redis repository interfaces.
19:49:27.623 INFO  [main] o.s.b.w.embedded.tomcat.TomcatWebServer - Tomcat initialized with port 0 (http)
19:49:27.623 INFO  [main] o.apache.coyote.http11.Http11NioProtocol - Initializing ProtocolHandler ["http-nio-auto-2"]
19:49:27.628 INFO  [main] o.apache.catalina.core.StandardService - Starting service [Tomcat]
19:49:27.628 INFO  [main] org.apache.catalina.core.StandardEngine - Starting Servlet engine: [Apache Tomcat/10.1.20]
19:49:27.758 INFO  [main] o.a.c.c.C.[Tomcat-1].[localhost].[/] - Initializing Spring embedded WebApplicationContext
19:49:27.758 INFO  [main] o.s.b.w.s.c.ServletWebServerApplicationContext - Root WebApplicationContext: initialization completed in 2208 ms
19:49:27.946 INFO  [main] com.zaxxer.hikari.HikariDataSource - HikariPool-2 - Starting...
19:49:27.946 INFO  [main] com.zaxxer.hikari.pool.HikariPool - HikariPool-2 - Added connection conn5: url=jdbc:h2:mem:orchestrix-test user=SA
19:49:27.946 INFO  [main] com.zaxxer.hikari.HikariDataSource - HikariPool-2 - Start completed.
19:49:27.971 INFO  [main] org.flywaydb.core.FlywayExecutor - Database: jdbc:h2:mem:orchestrix-test (H2 2.2)
19:49:27.971 WARN  [main] o.f.core.internal.database.base.Database - Flyway upgrade recommended: H2 2.2.224 is newer than this version of Flyway and support has not been tested. The latest supported version of H2 is 2.2.220.
19:49:27.987 INFO  [main] o.f.core.internal.command.DbValidate - Successfully validated 3 migrations (execution time 00:00.012s)
19:49:27.995 INFO  [main] o.f.core.internal.command.DbMigrate - Current version of schema "public": 3
19:49:27.995 INFO  [main] o.f.core.internal.command.DbMigrate - Schema "public" is up to date. No migration necessary.
19:49:28.104 INFO  [main] o.hibernate.jpa.internal.util.LogHelper - HHH000204: Processing PersistenceUnitInfo [name: default]
19:49:28.112 INFO  [main] o.h.c.internal.RegionFactoryInitiator - HHH000026: Second-level cache disabled
19:49:28.128 INFO  [main] o.s.o.j.p.SpringPersistenceUnitInfo - No LoadTimeWeaver setup: ignoring JPA class transformer
19:49:28.379 INFO  [main] o.h.e.t.j.p.i.JtaPlatformInitiator - HHH000489: No JTA platform available (set 'hibernate.transaction.jta.platform' to enable JTA platform integration)
19:49:28.379 INFO  [main] o.s.o.j.LocalContainerEntityManagerFactoryBean - Initialized JPA EntityManagerFactory for persistence unit 'default'
19:49:29.304 INFO  [main] com.orchestrix.mode.ModeService - orchestrix-mode initialized mode=HYBRID
19:49:32.686 INFO  [main] o.s.b.a.e.web.EndpointLinksResolver - Exposing 3 endpoint(s) beneath base path '/actuator'
19:49:32.776 INFO  [main] o.apache.coyote.http11.Http11NioProtocol - Starting ProtocolHandler ["http-nio-auto-2"]
19:49:32.801 INFO  [main] o.s.b.w.embedded.tomcat.TomcatWebServer - Tomcat started on port 60819 (http) with context path ''
19:49:32.817 INFO  [main] c.o.integration.ChatApiIntegrationTest - Started ChatApiIntegrationTest in 7.365 seconds (process running for 40.196)
19:49:33.283 INFO  [http-nio-auto-2-exec-1] o.a.c.c.C.[Tomcat-1].[localhost].[/] - Initializing Spring DispatcherServlet 'dispatcherServlet'
19:49:33.283 INFO  [http-nio-auto-2-exec-1] o.s.web.servlet.DispatcherServlet - Initializing Servlet 'dispatcherServlet'
19:49:33.285 INFO  [http-nio-auto-2-exec-1] o.s.web.servlet.DispatcherServlet - Completed initialization in 2 ms
]]></system-out>
  </testcase>
  <testcase name="differentTenantsAreIsolated" classname="com.orchestrix.integration.ChatApiIntegrationTest" time="0.081">
    <system-out><![CDATA[19:49:33.347 INFO  [http-nio-auto-2-exec-2] c.orchestrix.security.ApiKeyAuthFilter - [AUTH] requestId=e94f9d3c-a47d-4b30-9714-d505c2904b17 tenant=tenant-acme authenticated
19:49:33.388 INFO  [http-nio-auto-2-exec-3] c.orchestrix.security.ApiKeyAuthFilter - [AUTH] requestId=29bccc59-d0dd-4684-83e6-89a7a13a8c16 tenant=tenant-globex authenticated
]]></system-out>
  </testcase>
  <testcase name="completesChatForValidTenant" classname="com.orchestrix.integration.ChatApiIntegrationTest" time="0.306">
    <system-out><![CDATA[19:49:33.433 INFO  [http-nio-auto-2-exec-4] c.orchestrix.security.ApiKeyAuthFilter - [AUTH] requestId=c7a0bc5b-0906-4ec1-842f-2ce3d27172c4 tenant=tenant-acme authenticated
19:49:33.534 INFO  [http-nio-auto-2-exec-4] c.o.observability.StructuredLogger - routing-decision {event=llm.routing.decision, requestId=c7a0bc5b-0906-4ec1-842f-2ce3d27172c4, tenantId=tenant-acme, tier=LOW, complexity=0.020999999999999998, cost=0.006749999999999999, reliability=3.0, finalScore=0.9091499999999999, overrideApplied=false, overrideReason=}
19:49:33.534 INFO  [http-nio-auto-2-exec-4] c.o.observability.StructuredLogger - [ROUTING] requestId=c7a0bc5b-0906-4ec1-842f-2ce3d27172c4 chose OLLAMA:test-low (final=0.909, complexity=0.021, reliability=3.0, cost=0.0067) — estimated_prompt_tokens=9, provider_not_allowed=ANTHROPIC, tenant_max_tier=HIGH, score_tier=LOW, estimated_cost_within_budget, applied_tier=LOW
19:49:33.644 INFO  [http-nio-auto-2-exec-4] c.o.observability.StructuredLogger - [EXECUTION] requestId=c7a0bc5b-0906-4ec1-842f-2ce3d27172c4 mode=HYBRID provider=OLLAMA executionType=REAL
19:49:33.644 INFO  [http-nio-auto-2-exec-4] c.o.observability.StructuredLogger - [QUALITY] requestId=c7a0bc5b-0906-4ec1-842f-2ce3d27172c4 score=5.5 completeness=medium malformed=true note="malformed;"
19:49:33.686 INFO  [http-nio-auto-2-exec-4] c.o.observability.StructuredLogger - llm-request {event=llm.request.completed, requestId=c7a0bc5b-0906-4ec1-842f-2ce3d27172c4, tenantId=tenant-acme, provider=OLLAMA, model=test-low, latencyMs=126, promptTokens=20, completionTokens=40, totalTokens=60, costUsd=0.0, routingScore=0.9091499999999999, fallbackUsed=false, fallbackChain=OLLAMA, cacheHit=false, status=completed}
19:49:33.686 INFO  [http-nio-auto-2-exec-4] c.o.observability.StructuredLogger - [REQUEST COMPLETED] requestId=c7a0bc5b-0906-4ec1-842f-2ce3d27172c4 provider=OLLAMA model=test-low latency=126ms cost=$0.0000 status=completed
]]></system-out>
  </testcase>
  <testcase name="tenantMeReturnsBudgetInfo" classname="com.orchestrix.integration.ChatApiIntegrationTest" time="0.032">
    <system-out><![CDATA[19:49:33.734 INFO  [http-nio-auto-2-exec-5] c.orchestrix.security.ApiKeyAuthFilter - [AUTH] requestId=104becf6-215e-457d-bd71-1af9dba0bac4 tenant=tenant-acme authenticated
]]></system-out>
  </testcase>
</testsuite>