<?xml version="1.0" encoding="UTF-8"?>
<testsuite xmlns:xsi="http://www.w3.org/2001/XMLSchema-instance" xsi:noNamespaceSchemaLocation="https://maven.apache.org/surefire/maven-surefire-plugin/xsd/surefire-test-report-3.0.xsd" version="3.0" name="com.orchestrix.integration.ModeSwitchIntegrationTest" time="6.609" tests="6" errors="0" skipped="0" failures="0">
  <properties>
[...]
</properties>
  <testcase name="switchToMockMode" classname="com.orchestrix.integration.ModeSwitchIntegrationTest" time="0.072">
    <system-out><![CDATA[
  .   ____          _            __ _ _
 /\\ / ___'_ __ _ _(_)_ __  __ _ \ \ \ \
( ( )\___ | '_ | '_| | '_ \/ _` | \ \ \ \
 \\/  ___)| |_)| | | | | || (_| |  ) ) ) )
  '  |____| .__|_| |_|_| |_\__, | / / / /
 =========|_|==============|___/=/_/_/_/
 :: Spring Boot ::                (v3.2.5)

19:49:33.870 INFO  [main] c.o.i.ModeSwitchIntegrationTest - Starting ModeSwitchIntegrationTest using Java 17.0.17 with PID 27924 (started by harshvardhan.kushwah in C:\Users\harshvardhan.kushwah\Desktop\Orchestrix)
19:49:33.870 INFO  [main] c.o.i.ModeSwitchIntegrationTest - The following 1 profile is active: "test"
19:49:35.402 INFO  [main] o.s.d.r.c.RepositoryConfigurationDelegate - Multiple Spring Data modules found, entering strict repository configuration mode
19:49:35.410 INFO  [main] o.s.d.r.c.RepositoryConfigurationDelegate - Bootstrapping Spring Data JPA repositories in DEFAULT mode.
19:49:35.523 INFO  [main] o.s.d.r.c.RepositoryConfigurationDelegate - Finished Spring Data repository scanning in 112 ms. Found 4 JPA repository interfaces.
19:49:35.523 INFO  [main] o.s.d.r.c.RepositoryConfigurationDelegate - Multiple Spring Data modules found, entering strict repository configuration mode
19:49:35.523 INFO  [main] o.s.d.r.c.RepositoryConfigurationDelegate - Bootstrapping Spring Data Redis repositories in DEFAULT mode.
19:49:35.548 INFO  [main] o.s.d.r.c.RepositoryConfigurationExtensionSupport - Spring Data Redis - Could not safely identify store assignment for repository candidate interface com.orchestrix.domain.repository.ProviderHealthRepository; If you want this repository to be a Redis repository, consider annotating your entities with one of these annotations: org.springframework.data.redis.core.RedisHash (preferred), or consider extending one of the following types with your repository: org.springframework.data.keyvalue.repository.KeyValueRepository
19:49:35.548 INFO  [main] o.s.d.r.c.RepositoryConfigurationExtensionSupport - Spring Data Redis - Could not safely identify store assignment for repository candidate interface com.orchestrix.domain.repository.RequestLogRepository; If you want this repository to be a Redis repository, consider annotating your entities with one of these annotations: org.springframework.data.redis.core.RedisHash (preferred), or consider extending one of the following types with your repository: org.springframework.data.keyvalue.repository.KeyValueRepository
19:49:35.548 INFO  [main] o.s.d.r.c.RepositoryConfigurationExtensionSupport - Spring Data Redis - Could not safely identify store assignment for repository candidate interface com.orchestrix.domain.repository.TenantRepository; If you want this repository to be a Redis repository, consider annotating your entities with one of these annotations: org.springframework.data.redis.core.RedisHash (preferred), or consider extending one of the following types with your repository: org.springframework.data.keyvalue.repository.KeyValueRepository
19:49:35.548 INFO  [main] o.s.d.r.c.RepositoryConfigurationExtensionSupport - Spring Data Redis - Could not safely identify store assignment for repository candidate interface com.orchestrix.domain.repository.TenantUsageRepository; If you want this repository to be a Redis repository, consider annotating your entities with one of these annotations: org.springframework.data.redis.core.RedisHash (preferred), or consider extending one of the following types with your repository: org.springframework.data.keyvalue.repository.KeyValueRepository
19:49:35.548 INFO  [main] o.s.d.r.c.RepositoryConfigurationDelegate - Finished Spring Data repository scanning in 19 ms. Found 0 Redis repository interfaces.
19:49:36.143 INFO  [main] o.s.b.w.embedded.tomcat.TomcatWebServer - Tomcat initialized with port 0 (http)
19:49:36.143 INFO  [main] o.apache.coyote.http11.Http11NioProtocol - Initializing ProtocolHandler ["http-nio-auto-3"]
19:49:36.143 INFO  [main] o.apache.catalina.core.StandardService - Starting service [Tomcat]
19:49:36.143 INFO  [main] org.apache.catalina.core.StandardEngine - Starting Servlet engine: [Apache Tomcat/10.1.20]
19:49:36.270 INFO  [main] o.a.c.c.C.[Tomcat-2].[localhost].[/] - Initializing Spring embedded WebApplicationContext
19:49:36.270 INFO  [main] o.s.b.w.s.c.ServletWebServerApplicationContext - Root WebApplicationContext: initialization completed in 2393 ms
19:49:36.501 INFO  [main] com.zaxxer.hikari.HikariDataSource - HikariPool-3 - Starting...
19:49:36.509 INFO  [main] com.zaxxer.hikari.pool.HikariPool - HikariPool-3 - Added connection conn10: url=jdbc:h2:mem:orchestrix-test user=SA
19:49:36.509 INFO  [main] com.zaxxer.hikari.HikariDataSource - HikariPool-3 - Start completed.
19:49:36.541 INFO  [main] org.flywaydb.core.FlywayExecutor - Database: jdbc:h2:mem:orchestrix-test (H2 2.2)
19:49:36.541 WARN  [main] o.f.core.internal.database.base.Database - Flyway upgrade recommended: H2 2.2.224 is newer than this version of Flyway and support has not been tested. The latest supported version of H2 is 2.2.220.
19:49:36.541 INFO  [main] o.f.core.internal.command.DbValidate - Successfully validated 3 migrations (execution time 00:00.008s)
19:49:36.557 INFO  [main] o.f.core.internal.command.DbMigrate - Current version of schema "public": 3
19:49:36.557 INFO  [main] o.f.core.internal.command.DbMigrate - Schema "public" is up to date. No migration necessary.
19:49:36.638 INFO  [main] o.hibernate.jpa.internal.util.LogHelper - HHH000204: Processing PersistenceUnitInfo [name: default]
19:49:36.654 INFO  [main] o.h.c.internal.RegionFactoryInitiator - HHH000026: Second-level cache disabled
19:49:36.654 INFO  [main] o.s.o.j.p.SpringPersistenceUnitInfo - No LoadTimeWeaver setup: ignoring JPA class transformer
19:49:36.947 INFO  [main] o.h.e.t.j.p.i.JtaPlatformInitiator - HHH000489: No JTA platform available (set 'hibernate.transaction.jta.platform' to enable JTA platform integration)
19:49:36.947 INFO  [main] o.s.o.j.LocalContainerEntityManagerFactoryBean - Initialized JPA EntityManagerFactory for persistence unit 'default'
19:49:37.951 INFO  [main] com.orchestrix.mode.ModeService - orchestrix-mode initialized mode=HYBRID
19:49:39.936 INFO  [main] o.s.b.a.e.web.EndpointLinksResolver - Exposing 3 endpoint(s) beneath base path '/actuator'
19:49:39.993 INFO  [main] o.apache.coyote.http11.Http11NioProtocol - Starting ProtocolHandler ["http-nio-auto-3"]
19:49:40.001 INFO  [main] o.s.b.w.embedded.tomcat.TomcatWebServer - Tomcat started on port 60835 (http) with context path ''
19:49:40.033 INFO  [main] c.o.i.ModeSwitchIntegrationTest - Started ModeSwitchIntegrationTest in 6.259 seconds (process running for 47.415)
19:49:40.092 INFO  [http-nio-auto-3-exec-1] o.a.c.c.C.[Tomcat-2].[localhost].[/] - Initializing Spring DispatcherServlet 'dispatcherServlet'
19:49:40.092 INFO  [http-nio-auto-3-exec-1] o.s.web.servlet.DispatcherServlet - Initializing Servlet 'dispatcherServlet'
19:49:40.099 INFO  [http-nio-auto-3-exec-1] o.s.web.servlet.DispatcherServlet - Completed initialization in 7 ms
19:49:40.099 INFO  [http-nio-auto-3-exec-1] c.orchestrix.security.ApiKeyAuthFilter - [AUTH] requestId=6ad4a8b5-6f76-476c-852d-e48a5f60eaf2 tenant=tenant-acme authenticated
19:49:40.107 WARN  [http-nio-auto-3-exec-1] com.orchestrix.mode.ModeService - orchestrix-mode switched from=HYBRID to=MOCK
]]></system-out>
  </testcase>
  <testcase name="mockModeServesMockResponse" classname="com.orchestrix.integration.ModeSwitchIntegrationTest" time="0.122">
    <system-out><![CDATA[19:49:40.144 INFO  [http-nio-auto-3-exec-2] c.orchestrix.security.ApiKeyAuthFilter - [AUTH] requestId=ee8a0040-586e-47f1-ae80-6632d69c7473 tenant=tenant-acme authenticated
19:49:40.155 INFO  [http-nio-auto-3-exec-3] c.orchestrix.security.ApiKeyAuthFilter - [AUTH] requestId=05923bb9-43fc-482a-8e15-154afaff9e88 tenant=tenant-acme authenticated
19:49:40.213 INFO  [http-nio-auto-3-exec-3] c.o.observability.StructuredLogger - routing-decision {event=llm.routing.decision, requestId=05923bb9-43fc-482a-8e15-154afaff9e88, tenantId=tenant-acme, tier=LOW, complexity=0.0175, cost=0.005999999999999999, reliability=3.0, finalScore=0.90755, overrideApplied=false, overrideReason=}
19:49:40.213 INFO  [http-nio-auto-3-exec-3] c.o.observability.StructuredLogger - [ROUTING] requestId=05923bb9-43fc-482a-8e15-154afaff9e88 chose OLLAMA:test-low (final=0.908, complexity=0.018, reliability=3.0, cost=0.006) — estimated_prompt_tokens=8, provider_not_allowed=ANTHROPIC, tenant_max_tier=HIGH, score_tier=LOW, estimated_cost_within_budget, applied_tier=LOW
19:49:40.213 INFO  [http-nio-auto-3-exec-3] c.o.observability.StructuredLogger - [EXECUTION] requestId=05923bb9-43fc-482a-8e15-154afaff9e88 mode=MOCK provider=OLLAMA executionType=MOCK reason="mode=MOCK"
19:49:40.213 INFO  [http-nio-auto-3-exec-3] c.o.observability.StructuredLogger - [QUALITY] requestId=05923bb9-43fc-482a-8e15-154afaff9e88 score=6.5 completeness=medium malformed=true note="malformed;mock-response;"
19:49:40.221 INFO  [http-nio-auto-3-exec-3] c.o.observability.StructuredLogger - llm-request {event=llm.request.completed, requestId=05923bb9-43fc-482a-8e15-154afaff9e88, tenantId=tenant-acme, provider=OLLAMA, model=test-low, latencyMs=17, promptTokens=12, completionTokens=24, totalTokens=36, costUsd=0.0, routingScore=0.90755, fallbackUsed=false, fallbackChain=OLLAMA, cacheHit=false, status=completed}
19:49:40.221 INFO  [http-nio-auto-3-exec-3] c.o.observability.StructuredLogger - [REQUEST COMPLETED] requestId=05923bb9-43fc-482a-8e15-154afaff9e88 provider=OLLAMA model=test-low latency=17ms cost=$0.0000 status=completed
]]></system-out>
  </testcase>
  <testcase name="switchBackToRealAndGetRealResponse" classname="com.orchestrix.integration.ModeSwitchIntegrationTest" time="0.064">
    <system-out><![CDATA[19:49:40.253 INFO  [http-nio-auto-3-exec-4] c.orchestrix.security.ApiKeyAuthFilter - [AUTH] requestId=b8d93a4b-9ae6-49b1-81f1-d3f0a5c0486c tenant=tenant-acme authenticated
19:49:40.253 WARN  [http-nio-auto-3-exec-4] com.orchestrix.mode.ModeService - orchestrix-mode switched from=MOCK to=REAL
19:49:40.278 INFO  [http-nio-auto-3-exec-5] c.orchestrix.security.ApiKeyAuthFilter - [AUTH] requestId=833de895-fe0a-46c4-8613-a3c9f5ed7aae tenant=tenant-acme authenticated
19:49:40.278 INFO  [http-nio-auto-3-exec-5] c.o.observability.StructuredLogger - routing-decision {event=llm.routing.decision, requestId=833de895-fe0a-46c4-8613-a3c9f5ed7aae, tenantId=tenant-acme, tier=LOW, complexity=0.0175, cost=0.005999999999999999, reliability=3.0, finalScore=0.90755, overrideApplied=false, overrideReason=}
19:49:40.278 INFO  [http-nio-auto-3-exec-5] c.o.observability.StructuredLogger - [ROUTING] requestId=833de895-fe0a-46c4-8613-a3c9f5ed7aae chose OLLAMA:test-low (final=0.908, complexity=0.018, reliability=3.0, cost=0.006) — estimated_prompt_tokens=8, provider_not_allowed=ANTHROPIC, tenant_max_tier=HIGH, score_tier=LOW, estimated_cost_within_budget, applied_tier=LOW
19:49:40.278 INFO  [http-nio-auto-3-exec-5] c.o.observability.StructuredLogger - [EXECUTION] requestId=833de895-fe0a-46c4-8613-a3c9f5ed7aae mode=REAL provider=OLLAMA executionType=REAL
19:49:40.278 INFO  [http-nio-auto-3-exec-5] c.o.observability.StructuredLogger - [QUALITY] requestId=833de895-fe0a-46c4-8613-a3c9f5ed7aae score=5.5 completeness=medium malformed=true note="malformed;"
19:49:40.294 INFO  [http-nio-auto-3-exec-5] c.o.observability.StructuredLogger - llm-request {event=llm.request.completed, requestId=833de895-fe0a-46c4-8613-a3c9f5ed7aae, tenantId=tenant-acme, provider=OLLAMA, model=test-low, latencyMs=0, promptTokens=20, completionTokens=40, totalTokens=60, costUsd=0.0, routingScore=0.90755, fallbackUsed=false, fallbackChain=OLLAMA, cacheHit=false, status=completed}
19:49:40.294 INFO  [http-nio-auto-3-exec-5] c.o.observability.StructuredLogger - [REQUEST COMPLETED] requestId=833de895-fe0a-46c4-8613-a3c9f5ed7aae provider=OLLAMA model=test-low latency=0ms cost=$0.0000 status=completed
]]></system-out>
  </testcase>
  <testcase name="invalidModeReturns400" classname="com.orchestrix.integration.ModeSwitchIntegrationTest" time="0.016">
    <system-out><![CDATA[19:49:40.318 INFO  [http-nio-auto-3-exec-6] c.orchestrix.security.ApiKeyAuthFilter - [AUTH] requestId=222c59e0-fe99-4b98-81a8-4e44ecc0db99 tenant=tenant-acme authenticated
]]></system-out>
  </testcase>
  <testcase name="providerStatusEndpointShowsConfigured" classname="com.orchestrix.integration.ModeSwitchIntegrationTest" time="0.018">
    <system-out><![CDATA[19:49:40.334 INFO  [http-nio-auto-3-exec-7] c.orchestrix.security.ApiKeyAuthFilter - [AUTH] requestId=62b8ecde-c030-4221-8104-0a449ec2a931 tenant=tenant-acme authenticated
]]></system-out>
  </testcase>
  <testcase name="tenantStateIncludesCurrentMode" classname="com.orchestrix.integration.ModeSwitchIntegrationTest" time="0.014">
    <system-out><![CDATA[19:49:40.352 INFO  [http-nio-auto-3-exec-8] c.orchestrix.security.ApiKeyAuthFilter - [AUTH] requestId=4c98228e-2341-4b6c-a8dc-34dfec976921 tenant=tenant-acme authenticated
]]></system-out>
  </testcase>
</testsuite>